<?xml version="1.0" encoding="UTF-8"?>
<!-- Generated by org.testng.reporters.JUnitXMLReporter -->
<testsuite ignored="0" hostname="LAPTOP-IRMVDLOJ" failures="1" tests="12" name="Free CRM App HomePageTest Cases" time="144.977" errors="0" timestamp="2021-09-25T08:43:45 PDT">
  <testcase classname="com.crm.qa.testcases.HomePageTest" name="homePageTitleTest" time="0.124"/>
  <testcase classname="com.crm.qa.testcases.ContactsPageTest" name="validateContactsLabelTest" time="0.195">
    <failure type="java.lang.AssertionError" message="contacts label is missing on the page expected [false] but found [true]">
      <![CDATA[java.lang.AssertionError: contacts label is missing on the page expected [false] but found [true]
at com.crm.qa.testcases.ContactsPageTest.validateContactsLabelTest(ContactsPageTest.java:40)
at java.base/java.util.ArrayList.forEach(ArrayList.java:1511)
at java.base/java.util.concurrent.FutureTask.run(FutureTask.java:264)
at java.base/java.util.concurrent.ThreadPoolExecutor.runWorker(ThreadPoolExecutor.java:1130)
at java.base/java.util.concurrent.ThreadPoolExecutor$Worker.run(ThreadPoolExecutor.java:630)
at java.base/java.lang.Thread.run(Thread.java:831)
... Removed 22 stack frames]]>
    </failure>
  </testcase> <!-- validateContactsLabelTest -->
  <testcase classname="com.crm.qa.testcases.HomePageTest" name="VerifyUserNameTest" time="0.216"/>
  <testcase classname="com.crm.qa.testcases.ContactsPageTest" name="selectContactsNameTest" time="0.998"/>
  <testcase classname="com.crm.qa.testcases.HomePageTest" name="validateSearchBoxTest" time="0.625"/>
  <testcase classname="com.crm.qa.testcases.ContactsPageTest" name="createContactTest" time="6.696"/>
  <testcase classname="com.crm.qa.testcases.HomePageTest" name="clickOnContactsTest" time="0.645"/>
  <testcase classname="com.crm.qa.testcases.ContactsPageTest" name="createContactTest" time="6.21"/>
  <testcase classname="com.crm.qa.testcases.HomePageTest" name="clickOnDealsTest" time="0.656"/>
  <testcase classname="com.crm.qa.testcases.ContactsPageTest" name="createContactTest" time="8.224"/>
  <testcase classname="com.crm.qa.testcases.HomePageTest" name="clickOnCallsTest" time="0.368"/>
  <testcase classname="com.crm.qa.testcases.HomePageTest" name="clickOnLogOutTest" time="7.321"/>
</testsuite> <!-- Free CRM App HomePageTest Cases -->
